d:\工作\宇脉模式微信支付后台相关\http接口vc++2015和梅州升级后台相关\netcommv5.3b- (修改协议增加设置参数,1对多路分别结算   odbc驱动方式 ）\netcommv5.5b- (增加了判断掉线的线程 ） - 副本 (2)\netcomm\release\netcomm.pch
d:\工作\宇脉模式微信支付后台相关\http接口vc++2015和梅州升级后台相关\netcommv5.3b- (修改协议增加设置参数,1对多路分别结算   odbc驱动方式 ）\netcommv5.5b- (增加了判断掉线的线程 ） - 副本 (2)\netcomm\release\vc140.pdb
d:\工作\宇脉模式微信支付后台相关\http接口vc++2015和梅州升级后台相关\netcommv5.3b- (修改协议增加设置参数,1对多路分别结算   odbc驱动方式 ）\netcommv5.5b- (增加了判断掉线的线程 ） - 副本 (2)\netcomm\release\stdafx.obj
d:\工作\宇脉模式微信支付后台相关\http接口vc++2015和梅州升级后台相关\netcommv5.3b- (修改协议增加设置参数,1对多路分别结算   odbc驱动方式 ）\netcommv5.5b- (增加了判断掉线的线程 ） - 副本 (2)\netcomm\release\unzip.obj
d:\工作\宇脉模式微信支付后台相关\http接口vc++2015和梅州升级后台相关\netcommv5.3b- (修改协议增加设置参数,1对多路分别结算   odbc驱动方式 ）\netcommv5.5b- (增加了判断掉线的线程 ） - 副本 (2)\netcomm\release\vspdctomysql.obj
d:\工作\宇脉模式微信支付后台相关\http接口vc++2015和梅州升级后台相关\netcommv5.3b- (修改协议增加设置参数,1对多路分别结算   odbc驱动方式 ）\netcommv5.5b- (增加了判断掉线的线程 ） - 副本 (2)\netcomm\release\testdlg.obj
d:\工作\宇脉模式微信支付后台相关\http接口vc++2015和梅州升级后台相关\netcommv5.3b- (修改协议增加设置参数,1对多路分别结算   odbc驱动方式 ）\netcommv5.5b- (增加了判断掉线的线程 ） - 副本 (2)\netcomm\release\netcommdlg.obj
d:\工作\宇脉模式微信支付后台相关\http接口vc++2015和梅州升级后台相关\netcommv5.3b- (修改协议增加设置参数,1对多路分别结算   odbc驱动方式 ）\netcommv5.5b- (增加了判断掉线的线程 ） - 副本 (2)\netcomm\release\netcomm.obj
d:\工作\宇脉模式微信支付后台相关\http接口vc++2015和梅州升级后台相关\netcommv5.3b- (修改协议增加设置参数,1对多路分别结算   odbc驱动方式 ）\netcommv5.5b- (增加了判断掉线的线程 ） - 副本 (2)\netcomm\release\common.obj
d:\工作\宇脉模式微信支付后台相关\http接口vc++2015和梅州升级后台相关\netcommv5.3b- (修改协议增加设置参数,1对多路分别结算   odbc驱动方式 ）\netcommv5.5b- (增加了判断掉线的线程 ） - 副本 (2)\netcomm\release\easylogging++.obj
d:\工作\宇脉模式微信支付后台相关\http接口vc++2015和梅州升级后台相关\netcommv5.3b- (修改协议增加设置参数,1对多路分别结算   odbc驱动方式 ）\netcommv5.5b- (增加了判断掉线的线程 ） - 副本 (2)\netcomm\release\logiccenter.obj
d:\工作\宇脉模式微信支付后台相关\http接口vc++2015和梅州升级后台相关\netcommv5.3b- (修改协议增加设置参数,1对多路分别结算   odbc驱动方式 ）\netcommv5.5b- (增加了判断掉线的线程 ） - 副本 (2)\netcomm\release\httpserver.obj
d:\工作\宇脉模式微信支付后台相关\http接口vc++2015和梅州升级后台相关\netcommv5.3b- (修改协议增加设置参数,1对多路分别结算   odbc驱动方式 ）\netcommv5.5b- (增加了判断掉线的线程 ） - 副本 (2)\netcomm\release\httpclient.obj
d:\工作\宇脉模式微信支付后台相关\http接口vc++2015和梅州升级后台相关\netcommv5.3b- (修改协议增加设置参数,1对多路分别结算   odbc驱动方式 ）\netcommv5.5b- (增加了判断掉线的线程 ） - 副本 (2)\netcomm\release\dialogreg.obj
d:\工作\宇脉模式微信支付后台相关\http接口vc++2015和梅州升级后台相关\netcommv5.3b- (修改协议增加设置参数,1对多路分别结算   odbc驱动方式 ）\netcommv5.5b- (增加了判断掉线的线程 ） - 副本 (2)\netcomm\release\deviceevent.obj
d:\工作\宇脉模式微信支付后台相关\http接口vc++2015和梅州升级后台相关\netcommv5.3b- (修改协议增加设置参数,1对多路分别结算   odbc驱动方式 ）\netcommv5.5b- (增加了判断掉线的线程 ） - 副本 (2)\netcomm\release\des.obj
d:\工作\宇脉模式微信支付后台相关\http接口vc++2015和梅州升级后台相关\netcommv5.3b- (修改协议增加设置参数,1对多路分别结算   odbc驱动方式 ）\netcommv5.5b- (增加了判断掉线的线程 ） - 副本 (2)\netcomm\release\dboperate.obj
d:\工作\宇脉模式微信支付后台相关\http接口vc++2015和梅州升级后台相关\netcommv5.3b- (修改协议增加设置参数,1对多路分别结算   odbc驱动方式 ）\netcommv5.5b- (增加了判断掉线的线程 ） - 副本 (2)\release\netcomm.exe
d:\工作\宇脉模式微信支付后台相关\http接口vc++2015和梅州升级后台相关\netcommv5.3b- (修改协议增加设置参数,1对多路分别结算   odbc驱动方式 ）\netcommv5.5b- (增加了判断掉线的线程 ） - 副本 (2)\release\netcomm.ipdb
d:\工作\宇脉模式微信支付后台相关\http接口vc++2015和梅州升级后台相关\netcommv5.3b- (修改协议增加设置参数,1对多路分别结算   odbc驱动方式 ）\netcommv5.5b- (增加了判断掉线的线程 ） - 副本 (2)\release\netcomm.iobj
d:\工作\宇脉模式微信支付后台相关\http接口vc++2015和梅州升级后台相关\netcommv5.3b- (修改协议增加设置参数,1对多路分别结算   odbc驱动方式 ）\netcommv5.5b- (增加了判断掉线的线程 ） - 副本 (2)\release\netcomm.pdb
d:\工作\宇脉模式微信支付后台相关\http接口vc++2015和梅州升级后台相关\netcommv5.3b- (修改协议增加设置参数,1对多路分别结算   odbc驱动方式 ）\netcommv5.5b- (增加了判断掉线的线程 ） - 副本 (2)\netcomm\release\netcomm.res
d:\工作\宇脉模式微信支付后台相关\http接口vc++2015和梅州升级后台相关\netcommv5.3b- (修改协议增加设置参数,1对多路分别结算   odbc驱动方式 ）\netcommv5.5b- (增加了判断掉线的线程 ） - 副本 (2)\netcomm\release\msado15.tli
d:\工作\宇脉模式微信支付后台相关\http接口vc++2015和梅州升级后台相关\netcommv5.3b- (修改协议增加设置参数,1对多路分别结算   odbc驱动方式 ）\netcommv5.5b- (增加了判断掉线的线程 ） - 副本 (2)\netcomm\release\msado15.tlh
d:\工作\宇脉模式微信支付后台相关\http接口vc++2015和梅州升级后台相关\netcommv5.3b- (修改协议增加设置参数,1对多路分别结算   odbc驱动方式 ）\netcommv5.5b- (增加了判断掉线的线程 ） - 副本 (2)\netcomm\release\netcomm.tlog\cl.command.1.tlog
d:\工作\宇脉模式微信支付后台相关\http接口vc++2015和梅州升级后台相关\netcommv5.3b- (修改协议增加设置参数,1对多路分别结算   odbc驱动方式 ）\netcommv5.5b- (增加了判断掉线的线程 ） - 副本 (2)\netcomm\release\netcomm.tlog\cl.read.1.tlog
d:\工作\宇脉模式微信支付后台相关\http接口vc++2015和梅州升级后台相关\netcommv5.3b- (修改协议增加设置参数,1对多路分别结算   odbc驱动方式 ）\netcommv5.5b- (增加了判断掉线的线程 ） - 副本 (2)\netcomm\release\netcomm.tlog\cl.write.1.tlog
d:\工作\宇脉模式微信支付后台相关\http接口vc++2015和梅州升级后台相关\netcommv5.3b- (修改协议增加设置参数,1对多路分别结算   odbc驱动方式 ）\netcommv5.5b- (增加了判断掉线的线程 ） - 副本 (2)\netcomm\release\netcomm.tlog\link.command.1.tlog
d:\工作\宇脉模式微信支付后台相关\http接口vc++2015和梅州升级后台相关\netcommv5.3b- (修改协议增加设置参数,1对多路分别结算   odbc驱动方式 ）\netcommv5.5b- (增加了判断掉线的线程 ） - 副本 (2)\netcomm\release\netcomm.tlog\link.read.1.tlog
d:\工作\宇脉模式微信支付后台相关\http接口vc++2015和梅州升级后台相关\netcommv5.3b- (修改协议增加设置参数,1对多路分别结算   odbc驱动方式 ）\netcommv5.5b- (增加了判断掉线的线程 ） - 副本 (2)\netcomm\release\netcomm.tlog\link.write.1.tlog
d:\工作\宇脉模式微信支付后台相关\http接口vc++2015和梅州升级后台相关\netcommv5.3b- (修改协议增加设置参数,1对多路分别结算   odbc驱动方式 ）\netcommv5.5b- (增加了判断掉线的线程 ） - 副本 (2)\netcomm\release\netcomm.tlog\rc.command.1.tlog
d:\工作\宇脉模式微信支付后台相关\http接口vc++2015和梅州升级后台相关\netcommv5.3b- (修改协议增加设置参数,1对多路分别结算   odbc驱动方式 ）\netcommv5.5b- (增加了判断掉线的线程 ） - 副本 (2)\netcomm\release\netcomm.tlog\rc.read.1.tlog
d:\工作\宇脉模式微信支付后台相关\http接口vc++2015和梅州升级后台相关\netcommv5.3b- (修改协议增加设置参数,1对多路分别结算   odbc驱动方式 ）\netcommv5.5b- (增加了判断掉线的线程 ） - 副本 (2)\netcomm\release\netcomm.tlog\rc.write.1.tlog
